\BOOKMARK [1][-]{section.1}{\376\377\000I\000n\000t\000r\000o\000d\000u\000c\000t\000i\000o\000n}{}% 1
\BOOKMARK [2][-]{subsection.1.1}{\376\377\000M\000o\000t\000i\000v\000a\000t\000i\000o\000n}{section.1}% 2
\BOOKMARK [2][-]{subsection.1.2}{\376\377\000P\000r\000o\000j\000e\000c\000t\000\040\000O\000b\000j\000e\000c\000t\000i\000v\000e\000s}{section.1}% 3
\BOOKMARK [2][-]{subsection.1.3}{\376\377\000K\000y\000i\000v\000\040\000a\000s\000\040\000a\000\040\000C\000a\000s\000e\000\040\000S\000t\000u\000d\000y}{section.1}% 4
\BOOKMARK [2][-]{subsection.1.4}{\376\377\000R\000e\000p\000o\000r\000t\000\040\000S\000t\000r\000u\000c\000t\000u\000r\000e}{section.1}% 5
\BOOKMARK [1][-]{section.2}{\376\377\000R\000e\000l\000a\000t\000e\000d\000\040\000W\000o\000r\000k\000\040\000a\000n\000d\000\040\000B\000a\000c\000k\000g\000r\000o\000u\000n\000d}{}% 6
\BOOKMARK [2][-]{subsection.2.1}{\376\377\000L\000o\000c\000a\000t\000i\000o\000n\000\040\000E\000m\000b\000e\000d\000d\000i\000n\000g\000s\000\040\000a\000n\000d\000\040\000S\000p\000a\000t\000i\000a\000l\000\040\000R\000e\000p\000r\000e\000s\000e\000n\000t\000a\000t\000i\000o\000n\000\040\000L\000e\000a\000r\000n\000i\000n\000g}{section.2}% 7
\BOOKMARK [2][-]{subsection.2.2}{\376\377\000V\000e\000n\000u\000e\000\040\000M\000a\000p\000p\000i\000n\000g\000\040\000a\000n\000d\000\040\000P\000o\000i\000n\000t\000-\000o\000f\000-\000I\000n\000t\000e\000r\000e\000s\000t\000\040\000P\000r\000e\000d\000i\000c\000t\000i\000o\000n}{section.2}% 8
\BOOKMARK [2][-]{subsection.2.3}{\376\377\000T\000r\000i\000p\000l\000e\000t\000\040\000L\000o\000s\000s\000\040\000a\000n\000d\000\040\000M\000e\000t\000r\000i\000c\000\040\000L\000e\000a\000r\000n\000i\000n\000g}{section.2}% 9
\BOOKMARK [2][-]{subsection.2.4}{\376\377\000T\000r\000a\000n\000s\000f\000e\000r\000\040\000L\000e\000a\000r\000n\000i\000n\000g\000\040\000i\000n\000\040\000C\000o\000m\000p\000u\000t\000e\000r\000\040\000V\000i\000s\000i\000o\000n}{section.2}% 10
\BOOKMARK [2][-]{subsection.2.5}{\376\377\000O\000p\000e\000n\000S\000t\000r\000e\000e\000t\000M\000a\000p\000\040\000a\000n\000d\000\040\000G\000e\000o\000g\000r\000a\000p\000h\000i\000c\000a\000l\000\040\000D\000a\000t\000a\000\040\000P\000r\000o\000c\000e\000s\000s\000i\000n\000g}{section.2}% 11
\BOOKMARK [2][-]{subsection.2.6}{\376\377\000G\000a\000p\000\040\000A\000n\000a\000l\000y\000s\000i\000s}{section.2}% 12
\BOOKMARK [1][-]{section.3}{\376\377\000M\000e\000t\000h\000o\000d\000o\000l\000o\000g\000y}{}% 13
\BOOKMARK [2][-]{subsection.3.1}{\376\377\000O\000r\000i\000g\000i\000n\000a\000l\000\040\000L\000o\000c\0002\000V\000e\000c\000\040\000M\000e\000t\000h\000o\000d\000o\000l\000o\000g\000y}{section.3}% 14
\BOOKMARK [3][-]{subsubsection.3.1.1}{\376\377\000G\000e\000o\000g\000r\000a\000p\000h\000i\000c\000\040\000D\000a\000t\000a\000\040\000R\000a\000s\000t\000e\000r\000i\000z\000a\000t\000i\000o\000n}{subsection.3.1}% 15
\BOOKMARK [3][-]{subsubsection.3.1.2}{\376\377\000T\000r\000i\000p\000l\000e\000t\000\040\000N\000e\000t\000w\000o\000r\000k\000\040\000A\000r\000c\000h\000i\000t\000e\000c\000t\000u\000r\000e}{subsection.3.1}% 16
\BOOKMARK [3][-]{subsubsection.3.1.3}{\376\377\000T\000r\000i\000p\000l\000e\000t\000\040\000G\000e\000n\000e\000r\000a\000t\000i\000o\000n\000\040\000S\000t\000r\000a\000t\000e\000g\000y}{subsection.3.1}% 17
\BOOKMARK [2][-]{subsection.3.2}{\376\377\000O\000u\000r\000\040\000A\000d\000a\000p\000t\000a\000t\000i\000o\000n\000s\000\040\000f\000o\000r\000\040\000K\000y\000i\000v\000\040\000C\000i\000t\000y}{section.3}% 18
\BOOKMARK [3][-]{subsubsection.3.2.1}{\376\377\000D\000a\000t\000a\000\040\000S\000o\000u\000r\000c\000e\000\040\000a\000n\000d\000\040\000P\000r\000o\000c\000e\000s\000s\000i\000n\000g}{subsection.3.2}% 19
\BOOKMARK [3][-]{subsubsection.3.2.2}{\376\377\000R\000a\000s\000t\000e\000r\000i\000z\000a\000t\000i\000o\000n\000\040\000P\000i\000p\000e\000l\000i\000n\000e}{subsection.3.2}% 20
\BOOKMARK [3][-]{subsubsection.3.2.3}{\376\377\000E\000m\000b\000e\000d\000d\000i\000n\000g\000\040\000A\000r\000c\000h\000i\000t\000e\000c\000t\000u\000r\000e}{subsection.3.2}% 21
\BOOKMARK [2][-]{subsection.3.3}{\376\377\000T\000r\000a\000n\000s\000f\000e\000r\000\040\000L\000e\000a\000r\000n\000i\000n\000g\000\040\000M\000e\000t\000h\000o\000d\000o\000l\000o\000g\000y}{section.3}% 22
\BOOKMARK [3][-]{subsubsection.3.3.1}{\376\377\000A\000r\000c\000h\000i\000t\000e\000c\000t\000u\000r\000e\000\040\000S\000e\000l\000e\000c\000t\000i\000o\000n}{subsection.3.3}% 23
\BOOKMARK [3][-]{subsubsection.3.3.2}{\376\377\000T\000r\000a\000n\000s\000f\000e\000r\000\040\000L\000e\000a\000r\000n\000i\000n\000g\000\040\000S\000t\000r\000a\000t\000e\000g\000y}{subsection.3.3}% 24
\BOOKMARK [3][-]{subsubsection.3.3.3}{\376\377\000T\000r\000a\000i\000n\000i\000n\000g\000\040\000P\000r\000o\000c\000e\000d\000u\000r\000e}{subsection.3.3}% 25
\BOOKMARK [2][-]{subsection.3.4}{\376\377\000E\000v\000a\000l\000u\000a\000t\000i\000o\000n\000\040\000M\000e\000t\000h\000o\000d\000o\000l\000o\000g\000y}{section.3}% 26
\BOOKMARK [3][-]{subsubsection.3.4.1}{\376\377\000E\000m\000b\000e\000d\000d\000i\000n\000g\000\040\000Q\000u\000a\000l\000i\000t\000y\000\040\000M\000e\000t\000r\000i\000c\000s}{subsection.3.4}% 27
\BOOKMARK [3][-]{subsubsection.3.4.2}{\376\377\000V\000e\000n\000u\000e\000\040\000M\000a\000p\000p\000i\000n\000g\000\040\000E\000v\000a\000l\000u\000a\000t\000i\000o\000n}{subsection.3.4}% 28
\BOOKMARK [3][-]{subsubsection.3.4.3}{\376\377\000C\000o\000m\000p\000u\000t\000a\000t\000i\000o\000n\000a\000l\000\040\000A\000n\000a\000l\000y\000s\000i\000s}{subsection.3.4}% 29
\BOOKMARK [1][-]{section.4}{\376\377\000I\000m\000p\000l\000e\000m\000e\000n\000t\000a\000t\000i\000o\000n\000\040\000D\000e\000t\000a\000i\000l\000s}{}% 30
\BOOKMARK [2][-]{subsection.4.1}{\376\377\000D\000e\000v\000e\000l\000o\000p\000m\000e\000n\000t\000\040\000E\000n\000v\000i\000r\000o\000n\000m\000e\000n\000t\000\040\000a\000n\000d\000\040\000T\000o\000o\000l\000s}{section.4}% 31
\BOOKMARK [2][-]{subsection.4.2}{\376\377\000D\000a\000t\000a\000\040\000A\000c\000q\000u\000i\000s\000i\000t\000i\000o\000n\000\040\000a\000n\000d\000\040\000P\000r\000e\000p\000r\000o\000c\000e\000s\000s\000i\000n\000g}{section.4}% 32
\BOOKMARK [3][-]{subsubsection.4.2.1}{\376\377\000O\000p\000e\000n\000S\000t\000r\000e\000e\000t\000M\000a\000p\000\040\000D\000a\000t\000a\000\040\000S\000e\000t\000u\000p}{subsection.4.2}% 33
\BOOKMARK [3][-]{subsubsection.4.2.2}{\376\377\000F\000e\000a\000t\000u\000r\000e\000\040\000C\000a\000t\000e\000g\000o\000r\000i\000z\000a\000t\000i\000o\000n\000\040\000a\000n\000d\000\040\000C\000h\000a\000n\000n\000e\000l\000\040\000D\000e\000f\000i\000n\000i\000t\000i\000o\000n}{subsection.4.2}% 34
\BOOKMARK [3][-]{subsubsection.4.2.3}{\376\377\000R\000a\000s\000t\000e\000r\000i\000z\000a\000t\000i\000o\000n\000\040\000I\000m\000p\000l\000e\000m\000e\000n\000t\000a\000t\000i\000o\000n}{subsection.4.2}% 35
\BOOKMARK [2][-]{subsection.4.3}{\376\377\000M\000o\000d\000e\000l\000\040\000A\000r\000c\000h\000i\000t\000e\000c\000t\000u\000r\000e\000\040\000I\000m\000p\000l\000e\000m\000e\000n\000t\000a\000t\000i\000o\000n}{section.4}% 36
\BOOKMARK [3][-]{subsubsection.4.3.1}{\376\377\000B\000a\000s\000e\000\040\000C\000N\000N\000\040\000E\000n\000c\000o\000d\000e\000r}{subsection.4.3}% 37
\BOOKMARK [3][-]{subsubsection.4.3.2}{\376\377\000T\000r\000a\000n\000s\000f\000e\000r\000\040\000L\000e\000a\000r\000n\000i\000n\000g\000\040\000M\000o\000d\000e\000l\000s}{subsection.4.3}% 38
\BOOKMARK [2][-]{subsection.4.4}{\376\377\000T\000r\000a\000i\000n\000i\000n\000g\000\040\000I\000n\000f\000r\000a\000s\000t\000r\000u\000c\000t\000u\000r\000e}{section.4}% 39
\BOOKMARK [3][-]{subsubsection.4.4.1}{\376\377\000T\000r\000i\000p\000l\000e\000t\000\040\000M\000i\000n\000i\000n\000g\000\040\000S\000t\000r\000a\000t\000e\000g\000y}{subsection.4.4}% 40
\BOOKMARK [3][-]{subsubsection.4.4.2}{\376\377\000T\000r\000a\000i\000n\000i\000n\000g\000\040\000L\000o\000o\000p\000\040\000I\000m\000p\000l\000e\000m\000e\000n\000t\000a\000t\000i\000o\000n}{subsection.4.4}% 41
\BOOKMARK [2][-]{subsection.4.5}{\376\377\000E\000v\000a\000l\000u\000a\000t\000i\000o\000n\000\040\000F\000r\000a\000m\000e\000w\000o\000r\000k}{section.4}% 42
\BOOKMARK [2][-]{subsection.4.6}{\376\377\000C\000o\000m\000p\000u\000t\000a\000t\000i\000o\000n\000a\000l\000\040\000I\000n\000f\000r\000a\000s\000t\000r\000u\000c\000t\000u\000r\000e}{section.4}% 43
\BOOKMARK [1][-]{section.5}{\376\377\000E\000x\000p\000e\000r\000i\000m\000e\000n\000t\000s\000\040\000a\000n\000d\000\040\000R\000e\000s\000u\000l\000t\000s}{}% 44
\BOOKMARK [2][-]{subsection.5.1}{\376\377\000D\000a\000t\000a\000s\000e\000t\000\040\000P\000r\000e\000p\000a\000r\000a\000t\000i\000o\000n}{section.5}% 45
\BOOKMARK [3][-]{subsubsection.5.1.1}{\376\377\000D\000a\000t\000a\000\040\000C\000o\000l\000l\000e\000c\000t\000i\000o\000n\000\040\000S\000t\000r\000a\000t\000e\000g\000y}{subsection.5.1}% 46
\BOOKMARK [3][-]{subsubsection.5.1.2}{\376\377\000D\000a\000t\000a\000s\000e\000t\000\040\000S\000p\000l\000i\000t\000s}{subsection.5.1}% 47
\BOOKMARK [2][-]{subsection.5.2}{\376\377\000E\000x\000p\000e\000r\000i\000m\000e\000n\000t\000a\000l\000\040\000S\000e\000t\000u\000p}{section.5}% 48
\BOOKMARK [3][-]{subsubsection.5.2.1}{\376\377\000H\000y\000p\000e\000r\000p\000a\000r\000a\000m\000e\000t\000e\000r\000\040\000C\000o\000n\000f\000i\000g\000u\000r\000a\000t\000i\000o\000n}{subsection.5.2}% 49
\BOOKMARK [3][-]{subsubsection.5.2.2}{\376\377\000T\000r\000a\000i\000n\000i\000n\000g\000\040\000P\000r\000o\000c\000e\000d\000u\000r\000e}{subsection.5.2}% 50
\BOOKMARK [2][-]{subsection.5.3}{\376\377\000B\000a\000s\000e\000\040\000M\000o\000d\000e\000l\000\040\000R\000e\000s\000u\000l\000t\000s}{section.5}% 51
\BOOKMARK [3][-]{subsubsection.5.3.1}{\376\377\000T\000r\000a\000i\000n\000i\000n\000g\000\040\000C\000o\000n\000v\000e\000r\000g\000e\000n\000c\000e}{subsection.5.3}% 52
\BOOKMARK [3][-]{subsubsection.5.3.2}{\376\377\000E\000m\000b\000e\000d\000d\000i\000n\000g\000\040\000Q\000u\000a\000l\000i\000t\000y\000\040\000A\000n\000a\000l\000y\000s\000i\000s}{subsection.5.3}% 53
\BOOKMARK [3][-]{subsubsection.5.3.3}{\376\377\000V\000e\000n\000u\000e\000\040\000M\000a\000p\000p\000i\000n\000g\000\040\000P\000e\000r\000f\000o\000r\000m\000a\000n\000c\000e}{subsection.5.3}% 54
\BOOKMARK [3][-]{subsubsection.5.3.4}{\376\377\000S\000e\000m\000a\000n\000t\000i\000c\000\040\000S\000i\000m\000i\000l\000a\000r\000i\000t\000y\000\040\000A\000n\000a\000l\000y\000s\000i\000s}{subsection.5.3}% 55
\BOOKMARK [2][-]{subsection.5.4}{\376\377\000E\000m\000b\000e\000d\000d\000i\000n\000g\000\040\000V\000i\000s\000u\000a\000l\000i\000z\000a\000t\000i\000o\000n}{section.5}% 56
\BOOKMARK [3][-]{subsubsection.5.4.1}{\376\377\000t\000-\000S\000N\000E\000\040\000A\000n\000a\000l\000y\000s\000i\000s}{subsection.5.4}% 57
\BOOKMARK [3][-]{subsubsection.5.4.2}{\376\377\000U\000M\000A\000P\000\040\000V\000i\000s\000u\000a\000l\000i\000z\000a\000t\000i\000o\000n}{subsection.5.4}% 58
\BOOKMARK [2][-]{subsection.5.5}{\376\377\000A\000b\000l\000a\000t\000i\000o\000n\000\040\000S\000t\000u\000d\000i\000e\000s}{section.5}% 59
\BOOKMARK [3][-]{subsubsection.5.5.1}{\376\377\000C\000h\000a\000n\000n\000e\000l\000\040\000C\000o\000n\000t\000r\000i\000b\000u\000t\000i\000o\000n\000\040\000A\000n\000a\000l\000y\000s\000i\000s}{subsection.5.5}% 60
\BOOKMARK [3][-]{subsubsection.5.5.2}{\376\377\000A\000u\000g\000m\000e\000n\000t\000a\000t\000i\000o\000n\000\040\000S\000t\000r\000a\000t\000e\000g\000y\000\040\000I\000m\000p\000a\000c\000t}{subsection.5.5}% 61
\BOOKMARK [3][-]{subsubsection.5.5.3}{\376\377\000L\000o\000s\000s\000\040\000F\000u\000n\000c\000t\000i\000o\000n\000\040\000C\000o\000m\000p\000a\000r\000i\000s\000o\000n}{subsection.5.5}% 62
\BOOKMARK [2][-]{subsection.5.6}{\376\377\000C\000o\000m\000p\000u\000t\000a\000t\000i\000o\000n\000a\000l\000\040\000P\000e\000r\000f\000o\000r\000m\000a\000n\000c\000e}{section.5}% 63
\BOOKMARK [3][-]{subsubsection.5.6.1}{\376\377\000T\000r\000a\000i\000n\000i\000n\000g\000\040\000E\000f\000f\000i\000c\000i\000e\000n\000c\000y}{subsection.5.6}% 64
\BOOKMARK [3][-]{subsubsection.5.6.2}{\376\377\000I\000n\000f\000e\000r\000e\000n\000c\000e\000\040\000P\000e\000r\000f\000o\000r\000m\000a\000n\000c\000e}{subsection.5.6}% 65
\BOOKMARK [2][-]{subsection.5.7}{\376\377\000E\000r\000r\000o\000r\000\040\000A\000n\000a\000l\000y\000s\000i\000s}{section.5}% 66
\BOOKMARK [3][-]{subsubsection.5.7.1}{\376\377\000C\000o\000m\000m\000o\000n\000\040\000F\000a\000i\000l\000u\000r\000e\000\040\000C\000a\000s\000e\000s}{subsection.5.7}% 67
\BOOKMARK [3][-]{subsubsection.5.7.2}{\376\377\000P\000e\000r\000f\000o\000r\000m\000a\000n\000c\000e\000\040\000b\000y\000\040\000G\000e\000o\000g\000r\000a\000p\000h\000i\000c\000\040\000R\000e\000g\000i\000o\000n}{subsection.5.7}% 68
\BOOKMARK [1][-]{section.6}{\376\377\000T\000r\000a\000n\000s\000f\000e\000r\000\040\000L\000e\000a\000r\000n\000i\000n\000g\000\040\000A\000n\000a\000l\000y\000s\000i\000s}{}% 69
\BOOKMARK [2][-]{subsection.6.1}{\376\377\000T\000r\000a\000n\000s\000f\000e\000r\000\040\000L\000e\000a\000r\000n\000i\000n\000g\000\040\000E\000x\000p\000e\000r\000i\000m\000e\000n\000t\000a\000l\000\040\000D\000e\000s\000i\000g\000n}{section.6}% 70
\BOOKMARK [3][-]{subsubsection.6.1.1}{\376\377\000A\000r\000c\000h\000i\000t\000e\000c\000t\000u\000r\000e\000\040\000S\000e\000l\000e\000c\000t\000i\000o\000n\000\040\000R\000a\000t\000i\000o\000n\000a\000l\000e}{subsection.6.1}% 71
\BOOKMARK [3][-]{subsubsection.6.1.2}{\376\377\000I\000n\000p\000u\000t\000\040\000A\000d\000a\000p\000t\000a\000t\000i\000o\000n\000\040\000S\000t\000r\000a\000t\000e\000g\000y}{subsection.6.1}% 72
\BOOKMARK [2][-]{subsection.6.2}{\376\377\000T\000r\000a\000n\000s\000f\000e\000r\000\040\000L\000e\000a\000r\000n\000i\000n\000g\000\040\000R\000e\000s\000u\000l\000t\000s}{section.6}% 73
\BOOKMARK [3][-]{subsubsection.6.2.1}{\376\377\000O\000v\000e\000r\000a\000l\000l\000\040\000P\000e\000r\000f\000o\000r\000m\000a\000n\000c\000e\000\040\000C\000o\000m\000p\000a\000r\000i\000s\000o\000n}{subsection.6.2}% 74
\BOOKMARK [3][-]{subsubsection.6.2.2}{\376\377\000C\000o\000n\000v\000e\000r\000g\000e\000n\000c\000e\000\040\000A\000n\000a\000l\000y\000s\000i\000s}{subsection.6.2}% 75
\BOOKMARK [3][-]{subsubsection.6.2.3}{\376\377\000D\000e\000t\000a\000i\000l\000e\000d\000\040\000E\000f\000f\000i\000c\000i\000e\000n\000t\000N\000e\000t\000\040\000A\000n\000a\000l\000y\000s\000i\000s}{subsection.6.2}% 76
\BOOKMARK [2][-]{subsection.6.3}{\376\377\000C\000o\000m\000p\000u\000t\000a\000t\000i\000o\000n\000a\000l\000\040\000E\000f\000f\000i\000c\000i\000e\000n\000c\000y\000\040\000A\000n\000a\000l\000y\000s\000i\000s}{section.6}% 77
\BOOKMARK [3][-]{subsubsection.6.3.1}{\376\377\000T\000r\000a\000i\000n\000i\000n\000g\000\040\000E\000f\000f\000i\000c\000i\000e\000n\000c\000y}{subsection.6.3}% 78
\BOOKMARK [3][-]{subsubsection.6.3.2}{\376\377\000I\000n\000f\000e\000r\000e\000n\000c\000e\000\040\000P\000e\000r\000f\000o\000r\000m\000a\000n\000c\000e}{subsection.6.3}% 79
\BOOKMARK [2][-]{subsection.6.4}{\376\377\000F\000i\000n\000e\000-\000t\000u\000n\000i\000n\000g\000\040\000S\000t\000r\000a\000t\000e\000g\000y\000\040\000A\000n\000a\000l\000y\000s\000i\000s}{section.6}% 80
\BOOKMARK [3][-]{subsubsection.6.4.1}{\376\377\000P\000r\000o\000g\000r\000e\000s\000s\000i\000v\000e\000\040\000U\000n\000f\000r\000e\000e\000z\000i\000n\000g\000\040\000v\000s\000.\000\040\000F\000u\000l\000l\000\040\000F\000i\000n\000e\000-\000t\000u\000n\000i\000n\000g}{subsection.6.4}% 81
\BOOKMARK [3][-]{subsubsection.6.4.2}{\376\377\000L\000e\000a\000r\000n\000i\000n\000g\000\040\000R\000a\000t\000e\000\040\000S\000e\000n\000s\000i\000t\000i\000v\000i\000t\000y}{subsection.6.4}% 82
\BOOKMARK [2][-]{subsection.6.5}{\376\377\000G\000e\000o\000g\000r\000a\000p\000h\000i\000c\000\040\000G\000e\000n\000e\000r\000a\000l\000i\000z\000a\000t\000i\000o\000n\000\040\000A\000n\000a\000l\000y\000s\000i\000s}{section.6}% 83
\BOOKMARK [3][-]{subsubsection.6.5.1}{\376\377\000C\000r\000o\000s\000s\000-\000D\000i\000s\000t\000r\000i\000c\000t\000\040\000P\000e\000r\000f\000o\000r\000m\000a\000n\000c\000e}{subsection.6.5}% 84
\BOOKMARK [3][-]{subsubsection.6.5.2}{\376\377\000S\000e\000m\000a\000n\000t\000i\000c\000\040\000C\000o\000n\000s\000i\000s\000t\000e\000n\000c\000y\000\040\000A\000n\000a\000l\000y\000s\000i\000s}{subsection.6.5}% 85
\BOOKMARK [2][-]{subsection.6.6}{\376\377\000E\000r\000r\000o\000r\000\040\000A\000n\000a\000l\000y\000s\000i\000s\000\040\000f\000o\000r\000\040\000T\000r\000a\000n\000s\000f\000e\000r\000\040\000L\000e\000a\000r\000n\000i\000n\000g}{section.6}% 86
\BOOKMARK [3][-]{subsubsection.6.6.1}{\376\377\000F\000a\000i\000l\000u\000r\000e\000\040\000C\000a\000s\000e\000\040\000A\000n\000a\000l\000y\000s\000i\000s}{subsection.6.6}% 87
\BOOKMARK [3][-]{subsubsection.6.6.2}{\376\377\000E\000m\000b\000e\000d\000d\000i\000n\000g\000\040\000Q\000u\000a\000l\000i\000t\000y\000\040\000C\000o\000m\000p\000a\000r\000i\000s\000o\000n}{subsection.6.6}% 88
\BOOKMARK [1][-]{section.7}{\376\377\000D\000i\000s\000c\000u\000s\000s\000i\000o\000n}{}% 89
\BOOKMARK [2][-]{subsection.7.1}{\376\377\000K\000e\000y\000\040\000F\000i\000n\000d\000i\000n\000g\000s\000\040\000a\000n\000d\000\040\000I\000n\000s\000i\000g\000h\000t\000s}{section.7}% 90
\BOOKMARK [3][-]{subsubsection.7.1.1}{\376\377\000E\000f\000f\000e\000c\000t\000i\000v\000e\000n\000e\000s\000s\000\040\000o\000f\000\040\000L\000o\000c\000a\000t\000i\000o\000n\000\040\000E\000m\000b\000e\000d\000d\000i\000n\000g\000s\000\040\000f\000o\000r\000\040\000U\000r\000b\000a\000n\000\040\000U\000n\000d\000e\000r\000s\000t\000a\000n\000d\000i\000n\000g}{subsection.7.1}% 91
\BOOKMARK [3][-]{subsubsection.7.1.2}{\376\377\000T\000r\000a\000n\000s\000f\000e\000r\000\040\000L\000e\000a\000r\000n\000i\000n\000g\000\040\000A\000d\000v\000a\000n\000t\000a\000g\000e\000s}{subsection.7.1}% 92
\BOOKMARK [1][-]{section.8}{\376\377\000C\000o\000n\000c\000l\000u\000s\000i\000o\000n\000\040\000a\000n\000d\000\040\000F\000u\000t\000u\000r\000e\000\040\000W\000o\000r\000k}{}% 93
\BOOKMARK [2][-]{subsection.8.1}{\376\377\000S\000u\000m\000m\000a\000r\000y\000\040\000o\000f\000\040\000C\000o\000n\000t\000r\000i\000b\000u\000t\000i\000o\000n\000s}{section.8}% 94
\BOOKMARK [3][-]{subsubsection.8.1.1}{\376\377\000P\000r\000i\000m\000a\000r\000y\000\040\000C\000o\000n\000t\000r\000i\000b\000u\000t\000i\000o\000n\000s}{subsection.8.1}% 95
\BOOKMARK [1][-]{section.9}{\376\377\000I\000n\000d\000i\000v\000i\000d\000u\000a\000l\000\040\000C\000o\000n\000t\000r\000i\000b\000u\000t\000i\000o\000n\000s}{}% 96
\BOOKMARK [2][-]{subsection.9.1}{\376\377\000T\000e\000a\000m\000\040\000O\000r\000g\000a\000n\000i\000z\000a\000t\000i\000o\000n\000\040\000a\000n\000d\000\040\000C\000o\000l\000l\000a\000b\000o\000r\000a\000t\000i\000o\000n}{section.9}% 97
\BOOKMARK [2][-]{subsection.9.2}{\376\377\000I\000n\000d\000i\000v\000i\000d\000u\000a\000l\000\040\000C\000o\000n\000t\000r\000i\000b\000u\000t\000i\000o\000n\000s}{section.9}% 98
\BOOKMARK [3][-]{subsubsection.9.2.1}{\376\377\000S\000t\000u\000d\000e\000n\000t\000\040\0001\000\040\000-\000\040\000D\000a\000t\000a\000\040\000I\000n\000f\000r\000a\000s\000t\000r\000u\000c\000t\000u\000r\000e\000\040\000a\000n\000d\000\040\000B\000a\000s\000e\000\040\000I\000m\000p\000l\000e\000m\000e\000n\000t\000a\000t\000i\000o\000n}{subsection.9.2}% 99
\BOOKMARK [3][-]{subsubsection.9.2.2}{\376\377\000S\000t\000u\000d\000e\000n\000t\000\040\0002\000\040\000-\000\040\000T\000r\000a\000n\000s\000f\000e\000r\000\040\000L\000e\000a\000r\000n\000i\000n\000g\000\040\000a\000n\000d\000\040\000M\000o\000d\000e\000l\000\040\000A\000r\000c\000h\000i\000t\000e\000c\000t\000u\000r\000e}{subsection.9.2}% 100
\BOOKMARK [3][-]{subsubsection.9.2.3}{\376\377\000S\000t\000u\000d\000e\000n\000t\000\040\0003\000\040\000-\000\040\000E\000v\000a\000l\000u\000a\000t\000i\000o\000n\000\040\000a\000n\000d\000\040\000A\000n\000a\000l\000y\000s\000i\000s}{subsection.9.2}% 101
\BOOKMARK [2][-]{subsection.9.3}{\376\377\000C\000o\000l\000l\000a\000b\000o\000r\000a\000t\000i\000v\000e\000\040\000A\000c\000h\000i\000e\000v\000e\000m\000e\000n\000t\000s}{section.9}% 102
\BOOKMARK [2][-]{subsection.9.4}{\376\377\000L\000e\000a\000r\000n\000i\000n\000g\000\040\000O\000u\000t\000c\000o\000m\000e\000s}{section.9}% 103
\BOOKMARK [2][-]{subsection.9.5}{\376\377\000R\000e\000f\000l\000e\000c\000t\000i\000o\000n\000\040\000o\000n\000\040\000T\000e\000a\000m\000\040\000C\000o\000l\000l\000a\000b\000o\000r\000a\000t\000i\000o\000n}{section.9}% 104
\BOOKMARK [1][-]{appendix.A}{\376\377\000C\000o\000d\000e\000\040\000S\000n\000i\000p\000p\000e\000t\000s}{}% 105
\BOOKMARK [2][-]{subsection.A.1}{\376\377\000D\000a\000t\000a\000\040\000P\000r\000o\000c\000e\000s\000s\000i\000n\000g\000\040\000P\000i\000p\000e\000l\000i\000n\000e}{appendix.A}% 106
\BOOKMARK [3][-]{subsubsection.A.1.1}{\376\377\000O\000S\000M\000\040\000D\000a\000t\000a\000\040\000E\000x\000t\000r\000a\000c\000t\000i\000o\000n\000\040\000a\000n\000d\000\040\000P\000r\000o\000c\000e\000s\000s\000i\000n\000g}{subsection.A.1}% 107
\BOOKMARK [3][-]{subsubsection.A.1.2}{\376\377\000M\000u\000l\000t\000i\000-\000c\000h\000a\000n\000n\000e\000l\000\040\000R\000a\000s\000t\000e\000r\000i\000z\000a\000t\000i\000o\000n\000\040\000I\000m\000p\000l\000e\000m\000e\000n\000t\000a\000t\000i\000o\000n}{subsection.A.1}% 108
\BOOKMARK [2][-]{subsection.A.2}{\376\377\000M\000o\000d\000e\000l\000\040\000A\000r\000c\000h\000i\000t\000e\000c\000t\000u\000r\000e\000\040\000I\000m\000p\000l\000e\000m\000e\000n\000t\000a\000t\000i\000o\000n\000s}{appendix.A}% 109
\BOOKMARK [3][-]{subsubsection.A.2.1}{\376\377\000E\000n\000h\000a\000n\000c\000e\000d\000\040\000B\000a\000s\000e\000\040\000C\000N\000N\000\040\000w\000i\000t\000h\000\040\000A\000t\000t\000e\000n\000t\000i\000o\000n}{subsection.A.2}% 110
\BOOKMARK [2][-]{subsection.A.3}{\376\377\000T\000r\000a\000i\000n\000i\000n\000g\000\040\000a\000n\000d\000\040\000E\000v\000a\000l\000u\000a\000t\000i\000o\000n\000\040\000U\000t\000i\000l\000i\000t\000i\000e\000s}{appendix.A}% 111
\BOOKMARK [3][-]{subsubsection.A.3.1}{\376\377\000A\000d\000v\000a\000n\000c\000e\000d\000\040\000T\000r\000i\000p\000l\000e\000t\000\040\000M\000i\000n\000i\000n\000g\000\040\000a\000n\000d\000\040\000L\000o\000s\000s}{subsection.A.3}% 112
\BOOKMARK [2][-]{subsection.A.4}{\376\377\000C\000o\000m\000p\000r\000e\000h\000e\000n\000s\000i\000v\000e\000\040\000E\000v\000a\000l\000u\000a\000t\000i\000o\000n\000\040\000F\000r\000a\000m\000e\000w\000o\000r\000k}{appendix.A}% 113
\BOOKMARK [3][-]{subsubsection.A.4.1}{\376\377\000A\000d\000v\000a\000n\000c\000e\000d\000\040\000M\000e\000t\000r\000i\000c\000s\000\040\000a\000n\000d\000\040\000V\000i\000s\000u\000a\000l\000i\000z\000a\000t\000i\000o\000n}{subsection.A.4}% 114
\BOOKMARK [1][-]{appendix.B}{\376\377\000A\000d\000d\000i\000t\000i\000o\000n\000a\000l\000\040\000R\000e\000s\000u\000l\000t\000s}{}% 115
\BOOKMARK [2][-]{subsection.B.1}{\376\377\000D\000e\000t\000a\000i\000l\000e\000d\000\040\000P\000e\000r\000f\000o\000r\000m\000a\000n\000c\000e\000\040\000M\000e\000t\000r\000i\000c\000s}{appendix.B}% 116
\BOOKMARK [3][-]{subsubsection.B.1.1}{\376\377\000A\000r\000c\000h\000i\000t\000e\000c\000t\000u\000r\000e\000\040\000C\000o\000m\000p\000a\000r\000i\000s\000o\000n\000\040\000A\000c\000r\000o\000s\000s\000\040\000A\000l\000l\000\040\000M\000e\000t\000r\000i\000c\000s}{subsection.B.1}% 117
\BOOKMARK [3][-]{subsubsection.B.1.2}{\376\377\000C\000r\000o\000s\000s\000-\000D\000i\000s\000t\000r\000i\000c\000t\000\040\000P\000e\000r\000f\000o\000r\000m\000a\000n\000c\000e\000\040\000A\000n\000a\000l\000y\000s\000i\000s}{subsection.B.1}% 118
\BOOKMARK [2][-]{subsection.B.2}{\376\377\000A\000b\000l\000a\000t\000i\000o\000n\000\040\000S\000t\000u\000d\000y\000\040\000R\000e\000s\000u\000l\000t\000s}{appendix.B}% 119
\BOOKMARK [3][-]{subsubsection.B.2.1}{\376\377\000C\000o\000m\000p\000o\000n\000e\000n\000t\000\040\000C\000o\000n\000t\000r\000i\000b\000u\000t\000i\000o\000n\000\040\000A\000n\000a\000l\000y\000s\000i\000s}{subsection.B.2}% 120
\BOOKMARK [3][-]{subsubsection.B.2.2}{\376\377\000H\000y\000p\000e\000r\000p\000a\000r\000a\000m\000e\000t\000e\000r\000\040\000S\000e\000n\000s\000i\000t\000i\000v\000i\000t\000y\000\040\000A\000n\000a\000l\000y\000s\000i\000s}{subsection.B.2}% 121
\BOOKMARK [2][-]{subsection.B.3}{\376\377\000E\000r\000r\000o\000r\000\040\000A\000n\000a\000l\000y\000s\000i\000s\000\040\000a\000n\000d\000\040\000F\000a\000i\000l\000u\000r\000e\000\040\000C\000a\000s\000e\000s}{appendix.B}% 122
\BOOKMARK [3][-]{subsubsection.B.3.1}{\376\377\000F\000a\000i\000l\000u\000r\000e\000\040\000C\000a\000s\000e\000\040\000A\000n\000a\000l\000y\000s\000i\000s\000\040\000b\000y\000\040\000C\000a\000t\000e\000g\000o\000r\000y}{subsection.B.3}% 123
\BOOKMARK [3][-]{subsubsection.B.3.2}{\376\377\000G\000e\000o\000g\000r\000a\000p\000h\000i\000c\000\040\000E\000r\000r\000o\000r\000\040\000P\000a\000t\000t\000e\000r\000n\000s}{subsection.B.3}% 124
\BOOKMARK [2][-]{subsection.B.4}{\376\377\000C\000o\000m\000p\000u\000t\000a\000t\000i\000o\000n\000a\000l\000\040\000P\000e\000r\000f\000o\000r\000m\000a\000n\000c\000e\000\040\000D\000e\000t\000a\000i\000l\000s}{appendix.B}% 125
\BOOKMARK [3][-]{subsubsection.B.4.1}{\376\377\000T\000r\000a\000i\000n\000i\000n\000g\000\040\000P\000e\000r\000f\000o\000r\000m\000a\000n\000c\000e\000\040\000A\000n\000a\000l\000y\000s\000i\000s}{subsection.B.4}% 126
\BOOKMARK [3][-]{subsubsection.B.4.2}{\376\377\000M\000o\000b\000i\000l\000e\000\040\000D\000e\000p\000l\000o\000y\000m\000e\000n\000t\000\040\000A\000n\000a\000l\000y\000s\000i\000s}{subsection.B.4}% 127
\BOOKMARK [2][-]{subsection.B.5}{\376\377\000A\000d\000d\000i\000t\000i\000o\000n\000a\000l\000\040\000V\000i\000s\000u\000a\000l\000i\000z\000a\000t\000i\000o\000n\000s}{appendix.B}% 128
\BOOKMARK [3][-]{subsubsection.B.5.1}{\376\377\000E\000m\000b\000e\000d\000d\000i\000n\000g\000\040\000S\000p\000a\000c\000e\000\040\000A\000n\000a\000l\000y\000s\000i\000s}{subsection.B.5}% 129
